{"/home/tars43/springboard/git_exercises/node-pg/express-biztime/_test-common.js": {"path":"/home/tars43/springboard/git_exercises/node-pg/express-biztime/_test-common.js","statementMap":{"0":{"start":{"line":3,"column":11},"end":{"line":3,"column":26}},"1":{"start":{"line":7,"column":2},"end":{"line":7,"column":41}},"2":{"start":{"line":8,"column":2},"end":{"line":8,"column":42}},"3":{"start":{"line":9,"column":2},"end":{"line":9,"column":63}},"4":{"start":{"line":11,"column":2},"end":{"line":13,"column":57}},"5":{"start":{"line":15,"column":14},"end":{"line":20,"column":25}},"6":{"start":{"line":24,"column":0},"end":{"line":24,"column":32}}},"fnMap":{"0":{"name":"createData","decl":{"start":{"line":6,"column":15},"end":{"line":6,"column":25}},"loc":{"start":{"line":6,"column":28},"end":{"line":21,"column":1}},"line":6}},"branchMap":{},"s":{"0":2,"1":19,"2":19,"3":19,"4":19,"5":19,"6":2},"f":{"0":19},"b":{},"_coverageSchema":"1a1c01bbd47fc00a2c39e90264f33305004495a9","hash":"7b63fb77cdd6fa223236d618e7bf397cb495324a"}
,"/home/tars43/springboard/git_exercises/node-pg/express-biztime/app.js": {"path":"/home/tars43/springboard/git_exercises/node-pg/express-biztime/app.js","statementMap":{"0":{"start":{"line":4,"column":16},"end":{"line":4,"column":34}},"1":{"start":{"line":6,"column":21},"end":{"line":6,"column":46}},"2":{"start":{"line":7,"column":24},"end":{"line":7,"column":53}},"3":{"start":{"line":8,"column":23},"end":{"line":8,"column":51}},"4":{"start":{"line":10,"column":12},"end":{"line":10,"column":21}},"5":{"start":{"line":12,"column":0},"end":{"line":12,"column":24}},"6":{"start":{"line":13,"column":0},"end":{"line":13,"column":39}},"7":{"start":{"line":14,"column":0},"end":{"line":14,"column":37}},"8":{"start":{"line":19,"column":0},"end":{"line":22,"column":3}},"9":{"start":{"line":20,"column":14},"end":{"line":20,"column":48}},"10":{"start":{"line":21,"column":2},"end":{"line":21,"column":19}},"11":{"start":{"line":26,"column":0},"end":{"line":33,"column":3}},"12":{"start":{"line":27,"column":2},"end":{"line":27,"column":32}},"13":{"start":{"line":29,"column":2},"end":{"line":32,"column":5}},"14":{"start":{"line":36,"column":0},"end":{"line":36,"column":21}}},"fnMap":{"0":{"name":"(anonymous_0)","decl":{"start":{"line":19,"column":8},"end":{"line":19,"column":9}},"loc":{"start":{"line":19,"column":33},"end":{"line":22,"column":1}},"line":19},"1":{"name":"(anonymous_1)","decl":{"start":{"line":26,"column":8},"end":{"line":26,"column":9}},"loc":{"start":{"line":26,"column":33},"end":{"line":33,"column":1}},"line":26}},"branchMap":{"0":{"loc":{"start":{"line":27,"column":13},"end":{"line":27,"column":30}},"type":"binary-expr","locations":[{"start":{"line":27,"column":13},"end":{"line":27,"column":23}},{"start":{"line":27,"column":27},"end":{"line":27,"column":30}}],"line":27}},"s":{"0":2,"1":2,"2":2,"3":2,"4":2,"5":2,"6":2,"7":2,"8":2,"9":0,"10":0,"11":2,"12":9,"13":9,"14":2},"f":{"0":0,"1":9},"b":{"0":[9,3]},"_coverageSchema":"1a1c01bbd47fc00a2c39e90264f33305004495a9","hash":"11dd97883a619822369917632c188cf136b7563e"}
,"/home/tars43/springboard/git_exercises/node-pg/express-biztime/db.js": {"path":"/home/tars43/springboard/git_exercises/node-pg/express-biztime/db.js","statementMap":{"0":{"start":{"line":4,"column":19},"end":{"line":4,"column":32}},"1":{"start":{"line":6,"column":15},"end":{"line":8,"column":2}},"2":{"start":{"line":10,"column":0},"end":{"line":10,"column":17}},"3":{"start":{"line":13,"column":0},"end":{"line":13,"column":24}}},"fnMap":{},"branchMap":{},"s":{"0":2,"1":2,"2":2,"3":2},"f":{},"b":{},"_coverageSchema":"1a1c01bbd47fc00a2c39e90264f33305004495a9","hash":"a2f7c3dcac3abede88e9051521dc5b388646defa"}
,"/home/tars43/springboard/git_exercises/node-pg/express-biztime/expressError.js": {"path":"/home/tars43/springboard/git_exercises/node-pg/express-biztime/expressError.js","statementMap":{"0":{"start":{"line":9,"column":4},"end":{"line":9,"column":12}},"1":{"start":{"line":10,"column":4},"end":{"line":10,"column":27}},"2":{"start":{"line":11,"column":4},"end":{"line":11,"column":25}},"3":{"start":{"line":12,"column":4},"end":{"line":12,"column":30}},"4":{"start":{"line":17,"column":0},"end":{"line":17,"column":30}}},"fnMap":{"0":{"name":"(anonymous_0)","decl":{"start":{"line":8,"column":2},"end":{"line":8,"column":3}},"loc":{"start":{"line":8,"column":31},"end":{"line":13,"column":3}},"line":8}},"branchMap":{},"s":{"0":6,"1":6,"2":6,"3":6,"4":2},"f":{"0":6},"b":{},"_coverageSchema":"1a1c01bbd47fc00a2c39e90264f33305004495a9","hash":"3291c934046af7d617e7ff329667cad7ecacc8b5"}
,"/home/tars43/springboard/git_exercises/node-pg/express-biztime/routes/companies.js": {"path":"/home/tars43/springboard/git_exercises/node-pg/express-biztime/routes/companies.js","statementMap":{"0":{"start":{"line":4,"column":16},"end":{"line":4,"column":34}},"1":{"start":{"line":5,"column":16},"end":{"line":5,"column":34}},"2":{"start":{"line":6,"column":21},"end":{"line":6,"column":47}},"3":{"start":{"line":7,"column":11},"end":{"line":7,"column":27}},"4":{"start":{"line":9,"column":15},"end":{"line":9,"column":31}},"5":{"start":{"line":18,"column":0},"end":{"line":32,"column":3}},"6":{"start":{"line":19,"column":2},"end":{"line":31,"column":3}},"7":{"start":{"line":20,"column":28},"end":{"line":24,"column":5}},"8":{"start":{"line":26,"column":4},"end":{"line":26,"column":57}},"9":{"start":{"line":30,"column":4},"end":{"line":30,"column":21}},"10":{"start":{"line":41,"column":0},"end":{"line":74,"column":3}},"11":{"start":{"line":42,"column":2},"end":{"line":73,"column":3}},"12":{"start":{"line":43,"column":24},"end":{"line":43,"column":39}},"13":{"start":{"line":45,"column":25},"end":{"line":50,"column":5}},"14":{"start":{"line":52,"column":26},"end":{"line":57,"column":5}},"15":{"start":{"line":59,"column":4},"end":{"line":61,"column":5}},"16":{"start":{"line":60,"column":6},"end":{"line":60,"column":70}},"17":{"start":{"line":63,"column":24},"end":{"line":63,"column":44}},"18":{"start":{"line":64,"column":24},"end":{"line":64,"column":42}},"19":{"start":{"line":66,"column":4},"end":{"line":66,"column":66}},"20":{"start":{"line":66,"column":54},"end":{"line":66,"column":64}},"21":{"start":{"line":68,"column":4},"end":{"line":68,"column":46}},"22":{"start":{"line":72,"column":4},"end":{"line":72,"column":21}},"23":{"start":{"line":83,"column":0},"end":{"line":100,"column":3}},"24":{"start":{"line":84,"column":2},"end":{"line":99,"column":3}},"25":{"start":{"line":85,"column":32},"end":{"line":85,"column":40}},"26":{"start":{"line":86,"column":24},"end":{"line":86,"column":52}},"27":{"start":{"line":88,"column":23},"end":{"line":92,"column":41}},"28":{"start":{"line":94,"column":4},"end":{"line":94,"column":65}},"29":{"start":{"line":98,"column":4},"end":{"line":98,"column":21}},"30":{"start":{"line":109,"column":0},"end":{"line":132,"column":3}},"31":{"start":{"line":110,"column":2},"end":{"line":130,"column":3}},"32":{"start":{"line":111,"column":32},"end":{"line":111,"column":40}},"33":{"start":{"line":112,"column":24},"end":{"line":112,"column":39}},"34":{"start":{"line":114,"column":27},"end":{"line":119,"column":41}},"35":{"start":{"line":121,"column":4},"end":{"line":125,"column":5}},"36":{"start":{"line":122,"column":6},"end":{"line":122,"column":70}},"37":{"start":{"line":124,"column":6},"end":{"line":124,"column":59}},"38":{"start":{"line":129,"column":4},"end":{"line":129,"column":21}},"39":{"start":{"line":141,"column":0},"end":{"line":161,"column":3}},"40":{"start":{"line":142,"column":2},"end":{"line":160,"column":3}},"41":{"start":{"line":143,"column":24},"end":{"line":143,"column":39}},"42":{"start":{"line":145,"column":27},"end":{"line":149,"column":22}},"43":{"start":{"line":151,"column":4},"end":{"line":155,"column":5}},"44":{"start":{"line":152,"column":6},"end":{"line":152,"column":70}},"45":{"start":{"line":154,"column":6},"end":{"line":154,"column":45}},"46":{"start":{"line":159,"column":4},"end":{"line":159,"column":21}},"47":{"start":{"line":164,"column":0},"end":{"line":164,"column":24}}},"fnMap":{"0":{"name":"(anonymous_0)","decl":{"start":{"line":18,"column":16},"end":{"line":18,"column":17}},"loc":{"start":{"line":18,"column":48},"end":{"line":32,"column":1}},"line":18},"1":{"name":"(anonymous_1)","decl":{"start":{"line":41,"column":21},"end":{"line":41,"column":22}},"loc":{"start":{"line":41,"column":53},"end":{"line":74,"column":1}},"line":41},"2":{"name":"(anonymous_2)","decl":{"start":{"line":66,"column":43},"end":{"line":66,"column":44}},"loc":{"start":{"line":66,"column":54},"end":{"line":66,"column":64}},"line":66},"3":{"name":"(anonymous_3)","decl":{"start":{"line":83,"column":17},"end":{"line":83,"column":18}},"loc":{"start":{"line":83,"column":49},"end":{"line":100,"column":1}},"line":83},"4":{"name":"(anonymous_4)","decl":{"start":{"line":109,"column":21},"end":{"line":109,"column":22}},"loc":{"start":{"line":109,"column":53},"end":{"line":132,"column":1}},"line":109},"5":{"name":"(anonymous_5)","decl":{"start":{"line":141,"column":24},"end":{"line":141,"column":25}},"loc":{"start":{"line":141,"column":56},"end":{"line":161,"column":1}},"line":141}},"branchMap":{"0":{"loc":{"start":{"line":59,"column":4},"end":{"line":61,"column":5}},"type":"if","locations":[{"start":{"line":59,"column":4},"end":{"line":61,"column":5}},{"start":{},"end":{}}],"line":59},"1":{"loc":{"start":{"line":121,"column":4},"end":{"line":125,"column":5}},"type":"if","locations":[{"start":{"line":121,"column":4},"end":{"line":125,"column":5}},{"start":{"line":123,"column":11},"end":{"line":125,"column":5}}],"line":121},"2":{"loc":{"start":{"line":151,"column":4},"end":{"line":155,"column":5}},"type":"if","locations":[{"start":{"line":151,"column":4},"end":{"line":155,"column":5}},{"start":{"line":153,"column":11},"end":{"line":155,"column":5}}],"line":151}},"s":{"0":2,"1":2,"2":2,"3":2,"4":2,"5":2,"6":1,"7":1,"8":1,"9":0,"10":2,"11":2,"12":2,"13":2,"14":2,"15":2,"16":1,"17":1,"18":1,"19":1,"20":2,"21":1,"22":1,"23":2,"24":2,"25":2,"26":2,"27":2,"28":1,"29":1,"30":2,"31":3,"32":3,"33":3,"34":3,"35":2,"36":1,"37":1,"38":2,"39":2,"40":2,"41":2,"42":2,"43":2,"44":1,"45":1,"46":1,"47":2},"f":{"0":1,"1":2,"2":2,"3":2,"4":3,"5":2},"b":{"0":[1,1],"1":[1,1],"2":[1,1]},"_coverageSchema":"1a1c01bbd47fc00a2c39e90264f33305004495a9","hash":"a59f2ac00b6feba91035d8d9b097ff63fb1edc2f"}
,"/home/tars43/springboard/git_exercises/node-pg/express-biztime/routes/invoices.js": {"path":"/home/tars43/springboard/git_exercises/node-pg/express-biztime/routes/invoices.js","statementMap":{"0":{"start":{"line":4,"column":16},"end":{"line":4,"column":34}},"1":{"start":{"line":5,"column":21},"end":{"line":5,"column":47}},"2":{"start":{"line":6,"column":11},"end":{"line":6,"column":27}},"3":{"start":{"line":8,"column":15},"end":{"line":8,"column":31}},"4":{"start":{"line":17,"column":0},"end":{"line":31,"column":3}},"5":{"start":{"line":18,"column":2},"end":{"line":30,"column":3}},"6":{"start":{"line":19,"column":27},"end":{"line":23,"column":5}},"7":{"start":{"line":25,"column":4},"end":{"line":25,"column":55}},"8":{"start":{"line":29,"column":4},"end":{"line":29,"column":21}},"9":{"start":{"line":45,"column":0},"end":{"line":87,"column":3}},"10":{"start":{"line":46,"column":2},"end":{"line":86,"column":3}},"11":{"start":{"line":47,"column":22},"end":{"line":47,"column":35}},"12":{"start":{"line":49,"column":25},"end":{"line":61,"column":20}},"13":{"start":{"line":63,"column":4},"end":{"line":65,"column":5}},"14":{"start":{"line":64,"column":6},"end":{"line":64,"column":69}},"15":{"start":{"line":67,"column":24},"end":{"line":67,"column":44}},"16":{"start":{"line":68,"column":27},"end":{"line":79,"column":5}},"17":{"start":{"line":81,"column":4},"end":{"line":81,"column":49}},"18":{"start":{"line":85,"column":4},"end":{"line":85,"column":21}},"19":{"start":{"line":96,"column":0},"end":{"line":112,"column":3}},"20":{"start":{"line":97,"column":2},"end":{"line":111,"column":3}},"21":{"start":{"line":98,"column":27},"end":{"line":98,"column":35}},"22":{"start":{"line":100,"column":19},"end":{"line":104,"column":25}},"23":{"start":{"line":106,"column":4},"end":{"line":106,"column":49}},"24":{"start":{"line":110,"column":4},"end":{"line":110,"column":21}},"25":{"start":{"line":122,"column":0},"end":{"line":162,"column":3}},"26":{"start":{"line":123,"column":2},"end":{"line":160,"column":3}},"27":{"start":{"line":124,"column":22},"end":{"line":124,"column":30}},"28":{"start":{"line":125,"column":13},"end":{"line":125,"column":26}},"29":{"start":{"line":126,"column":19},"end":{"line":126,"column":23}},"30":{"start":{"line":128,"column":23},"end":{"line":132,"column":13}},"31":{"start":{"line":134,"column":4},"end":{"line":136,"column":5}},"32":{"start":{"line":135,"column":6},"end":{"line":135,"column":60}},"33":{"start":{"line":138,"column":25},"end":{"line":138,"column":53}},"34":{"start":{"line":140,"column":4},"end":{"line":146,"column":5}},"35":{"start":{"line":141,"column":6},"end":{"line":141,"column":28}},"36":{"start":{"line":142,"column":11},"end":{"line":146,"column":5}},"37":{"start":{"line":143,"column":6},"end":{"line":143,"column":21}},"38":{"start":{"line":145,"column":6},"end":{"line":145,"column":30}},"39":{"start":{"line":148,"column":19},"end":{"line":153,"column":34}},"40":{"start":{"line":155,"column":4},"end":{"line":155,"column":49}},"41":{"start":{"line":159,"column":4},"end":{"line":159,"column":21}},"42":{"start":{"line":171,"column":0},"end":{"line":191,"column":3}},"43":{"start":{"line":172,"column":2},"end":{"line":190,"column":3}},"44":{"start":{"line":173,"column":13},"end":{"line":173,"column":26}},"45":{"start":{"line":175,"column":19},"end":{"line":179,"column":13}},"46":{"start":{"line":181,"column":4},"end":{"line":183,"column":5}},"47":{"start":{"line":182,"column":6},"end":{"line":182,"column":60}},"48":{"start":{"line":185,"column":4},"end":{"line":185,"column":43}},"49":{"start":{"line":189,"column":4},"end":{"line":189,"column":21}},"50":{"start":{"line":194,"column":0},"end":{"line":194,"column":24}}},"fnMap":{"0":{"name":"(anonymous_0)","decl":{"start":{"line":17,"column":16},"end":{"line":17,"column":17}},"loc":{"start":{"line":17,"column":48},"end":{"line":31,"column":1}},"line":17},"1":{"name":"(anonymous_1)","decl":{"start":{"line":45,"column":19},"end":{"line":45,"column":20}},"loc":{"start":{"line":45,"column":51},"end":{"line":87,"column":1}},"line":45},"2":{"name":"(anonymous_2)","decl":{"start":{"line":96,"column":17},"end":{"line":96,"column":18}},"loc":{"start":{"line":96,"column":49},"end":{"line":112,"column":1}},"line":96},"3":{"name":"(anonymous_3)","decl":{"start":{"line":122,"column":19},"end":{"line":122,"column":20}},"loc":{"start":{"line":122,"column":51},"end":{"line":162,"column":1}},"line":122},"4":{"name":"(anonymous_4)","decl":{"start":{"line":171,"column":22},"end":{"line":171,"column":23}},"loc":{"start":{"line":171,"column":54},"end":{"line":191,"column":1}},"line":171}},"branchMap":{"0":{"loc":{"start":{"line":63,"column":4},"end":{"line":65,"column":5}},"type":"if","locations":[{"start":{"line":63,"column":4},"end":{"line":65,"column":5}},{"start":{},"end":{}}],"line":63},"1":{"loc":{"start":{"line":134,"column":4},"end":{"line":136,"column":5}},"type":"if","locations":[{"start":{"line":134,"column":4},"end":{"line":136,"column":5}},{"start":{},"end":{}}],"line":134},"2":{"loc":{"start":{"line":140,"column":4},"end":{"line":146,"column":5}},"type":"if","locations":[{"start":{"line":140,"column":4},"end":{"line":146,"column":5}},{"start":{"line":142,"column":11},"end":{"line":146,"column":5}}],"line":140},"3":{"loc":{"start":{"line":140,"column":8},"end":{"line":140,"column":29}},"type":"binary-expr","locations":[{"start":{"line":140,"column":8},"end":{"line":140,"column":21}},{"start":{"line":140,"column":25},"end":{"line":140,"column":29}}],"line":140},"4":{"loc":{"start":{"line":142,"column":11},"end":{"line":146,"column":5}},"type":"if","locations":[{"start":{"line":142,"column":11},"end":{"line":146,"column":5}},{"start":{"line":144,"column":11},"end":{"line":146,"column":5}}],"line":142},"5":{"loc":{"start":{"line":181,"column":4},"end":{"line":183,"column":5}},"type":"if","locations":[{"start":{"line":181,"column":4},"end":{"line":183,"column":5}},{"start":{},"end":{}}],"line":181}},"s":{"0":2,"1":2,"2":2,"3":2,"4":2,"5":1,"6":1,"7":1,"8":0,"9":2,"10":2,"11":2,"12":2,"13":2,"14":1,"15":1,"16":1,"17":1,"18":1,"19":2,"20":1,"21":1,"22":1,"23":1,"24":0,"25":2,"26":3,"27":3,"28":3,"29":3,"30":3,"31":3,"32":1,"33":2,"34":2,"35":0,"36":2,"37":2,"38":0,"39":2,"40":1,"41":2,"42":2,"43":2,"44":2,"45":2,"46":2,"47":1,"48":1,"49":1,"50":2},"f":{"0":1,"1":2,"2":1,"3":3,"4":2},"b":{"0":[1,1],"1":[1,2],"2":[0,2],"3":[2,2],"4":[2,0],"5":[1,1]},"_coverageSchema":"1a1c01bbd47fc00a2c39e90264f33305004495a9","hash":"646613c904b3fedd337354f665edc6e9d494ca35"}
}
