TN:
SF:_test-common.js
FN:6,createData
FNF:1
FNH:1
FNDA:19,createData
DA:3,2
DA:7,19
DA:8,19
DA:9,19
DA:11,19
DA:15,19
DA:24,2
LF:7
LH:7
BRF:0
BRH:0
end_of_record
TN:
SF:app.js
FN:19,(anonymous_0)
FN:26,(anonymous_1)
FNF:2
FNH:1
FNDA:0,(anonymous_0)
FNDA:9,(anonymous_1)
DA:4,2
DA:6,2
DA:7,2
DA:8,2
DA:10,2
DA:12,2
DA:13,2
DA:14,2
DA:19,2
DA:20,0
DA:21,0
DA:26,2
DA:27,9
DA:29,9
DA:36,2
LF:15
LH:13
BRDA:27,0,0,9
BRDA:27,0,1,3
BRF:2
BRH:2
end_of_record
TN:
SF:db.js
FNF:0
FNH:0
DA:4,2
DA:6,2
DA:10,2
DA:13,2
LF:4
LH:4
BRF:0
BRH:0
end_of_record
TN:
SF:expressError.js
FN:8,(anonymous_0)
FNF:1
FNH:1
FNDA:6,(anonymous_0)
DA:9,6
DA:10,6
DA:11,6
DA:12,6
DA:17,2
LF:5
LH:5
BRF:0
BRH:0
end_of_record
TN:
SF:routes/companies.js
FN:18,(anonymous_0)
FN:41,(anonymous_1)
FN:66,(anonymous_2)
FN:83,(anonymous_3)
FN:109,(anonymous_4)
FN:141,(anonymous_5)
FNF:6
FNH:6
FNDA:1,(anonymous_0)
FNDA:2,(anonymous_1)
FNDA:2,(anonymous_2)
FNDA:2,(anonymous_3)
FNDA:3,(anonymous_4)
FNDA:2,(anonymous_5)
DA:4,2
DA:5,2
DA:6,2
DA:7,2
DA:9,2
DA:18,2
DA:19,1
DA:20,1
DA:26,1
DA:30,0
DA:41,2
DA:42,2
DA:43,2
DA:45,2
DA:52,2
DA:59,2
DA:60,1
DA:63,1
DA:64,1
DA:66,2
DA:68,1
DA:72,1
DA:83,2
DA:84,2
DA:85,2
DA:86,2
DA:88,2
DA:94,1
DA:98,1
DA:109,2
DA:110,3
DA:111,3
DA:112,3
DA:114,3
DA:121,2
DA:122,1
DA:124,1
DA:129,2
DA:141,2
DA:142,2
DA:143,2
DA:145,2
DA:151,2
DA:152,1
DA:154,1
DA:159,1
DA:164,2
LF:47
LH:46
BRDA:59,0,0,1
BRDA:59,0,1,1
BRDA:121,1,0,1
BRDA:121,1,1,1
BRDA:151,2,0,1
BRDA:151,2,1,1
BRF:6
BRH:6
end_of_record
TN:
SF:routes/invoices.js
FN:17,(anonymous_0)
FN:45,(anonymous_1)
FN:96,(anonymous_2)
FN:122,(anonymous_3)
FN:171,(anonymous_4)
FNF:5
FNH:5
FNDA:1,(anonymous_0)
FNDA:2,(anonymous_1)
FNDA:1,(anonymous_2)
FNDA:3,(anonymous_3)
FNDA:2,(anonymous_4)
DA:4,2
DA:5,2
DA:6,2
DA:8,2
DA:17,2
DA:18,1
DA:19,1
DA:25,1
DA:29,0
DA:45,2
DA:46,2
DA:47,2
DA:49,2
DA:63,2
DA:64,1
DA:67,1
DA:68,1
DA:81,1
DA:85,1
DA:96,2
DA:97,1
DA:98,1
DA:100,1
DA:106,1
DA:110,0
DA:122,2
DA:123,3
DA:124,3
DA:125,3
DA:126,3
DA:128,3
DA:134,3
DA:135,1
DA:138,2
DA:140,2
DA:141,0
DA:142,2
DA:143,2
DA:145,0
DA:148,2
DA:155,1
DA:159,2
DA:171,2
DA:172,2
DA:173,2
DA:175,2
DA:181,2
DA:182,1
DA:185,1
DA:189,1
DA:194,2
LF:51
LH:47
BRDA:63,0,0,1
BRDA:63,0,1,1
BRDA:134,1,0,1
BRDA:134,1,1,2
BRDA:140,2,0,0
BRDA:140,2,1,2
BRDA:140,3,0,2
BRDA:140,3,1,2
BRDA:142,4,0,2
BRDA:142,4,1,0
BRDA:181,5,0,1
BRDA:181,5,1,1
BRF:12
BRH:10
end_of_record
